<?xml version="1.0" encoding="UTF-8"?>
<testng-results ignored="0" total="2" passed="2" failed="0" skipped="0">
  <reporter-output>
  </reporter-output>
  <suite started-at="2026-06-25T15:59:52 IST" name="Suite" finished-at="2026-06-25T15:59:52 IST" duration-ms="305">
    <groups>
      <group name="smoke">
        <method signature="BallTest.cricketTest()[pri:0, instance:Cricket.BallTest@6b81ce95]" name="cricketTest" class="Cricket.BallTest"/>
        <method signature="BatTest.cricketTest()[pri:0, instance:Cricket.BatTest@5c5eefef]" name="cricketTest" class="Cricket.BatTest"/>
      </group> <!-- smoke -->
    </groups>
    <test started-at="2026-06-25T15:59:52 IST" name="Test" finished-at="2026-06-25T15:59:52 IST" duration-ms="305">
      <class name="Cricket.BallTest">
        <test-method signature="cricketTest()[pri:0, instance:Cricket.BallTest@6b81ce95]" started-at="2026-06-25T15:59:52 IST" name="cricketTest" finished-at="2026-06-25T15:59:52 IST" duration-ms="39" status="PASS">
          <reporter-output>
          </reporter-output>
        </test-method> <!-- cricketTest -->
      </class> <!-- Cricket.BallTest -->
      <class name="Cricket.BatTest">
        <test-method signature="cricketTest()[pri:0, instance:Cricket.BatTest@5c5eefef]" started-at="2026-06-25T15:59:52 IST" name="cricketTest" finished-at="2026-06-25T15:59:52 IST" duration-ms="10" status="PASS">
          <reporter-output>
          </reporter-output>
        </test-method> <!-- cricketTest -->
      </class> <!-- Cricket.BatTest -->
    </test> <!-- Test -->
  </suite> <!-- Suite -->
</testng-results>
